<?xml version="1.0" encoding="UTF-8"?>
<testsuite xmlns:xsi="http://www.w3.org/2001/XMLSchema-instance" xsi:noNamespaceSchemaLocation="https://maven.apache.org/surefire/maven-surefire-plugin/xsd/surefire-test-report-3.0.xsd" version="3.0" name="dev.drawethree.xprison.utils.misc.NumberUtilsTest" time="0.029" tests="4" errors="0" skipped="0" failures="0">
  <properties>
[...]
</properties>
  <testcase name="test_greater2" classname="dev.drawethree.xprison.utils.misc.NumberUtilsTest" time="0.008"/>
  <testcase name="test_greater" classname="dev.drawethree.xprison.utils.misc.NumberUtilsTest" time="0.003"/>
  <testcase name="test_lower1" classname="dev.drawethree.xprison.utils.misc.NumberUtilsTest" time="0.003"/>
  <testcase name="test_lower2" classname="dev.drawethree.xprison.utils.misc.NumberUtilsTest" time="0.002"/>
</testsuite>